0 info it worked if it ends with ok
1 verbose cli [ '/usr/bin/node',
1 verbose cli   '/usr/bin/npm',
1 verbose cli   'install',
1 verbose cli   '-g',
1 verbose cli   '@mermaid-js/mermaid-cli' ]
2 info using npm@3.5.2
3 info using node@v8.10.0
4 silly loadCurrentTree Starting
5 silly install loadCurrentTree
6 silly install readGlobalPackageData
7 silly fetchPackageMetaData @mermaid-js/mermaid-cli
8 silly fetchNamedPackageData @mermaid-js/mermaid-cli
9 silly mapToRegistry name @mermaid-js/mermaid-cli
10 silly mapToRegistry scope (from package name) @mermaid-js
11 verbose mapToRegistry no registry URL found in name for scope @mermaid-js
12 silly mapToRegistry using default registry
13 silly mapToRegistry registry https://registry.npmjs.org/
14 silly mapToRegistry uri https://registry.npmjs.org/@mermaid-js%2fmermaid-cli
15 verbose request uri https://registry.npmjs.org/@mermaid-js%2fmermaid-cli
16 verbose request no auth needed
17 info attempt registry request try #1 at 11:56:38 PM
18 verbose request id c4ab26265b1e877f
19 verbose etag W/"8ceeeb84bd5f4ae22119ad133d25d670"
20 verbose lastModified Tue, 07 May 2024 06:50:20 GMT
21 http request GET https://registry.npmjs.org/@mermaid-js%2fmermaid-cli
22 http 304 https://registry.npmjs.org/@mermaid-js%2fmermaid-cli
23 verbose headers { date: 'Tue, 14 May 2024 06:56:45 GMT',
23 verbose headers   connection: 'keep-alive',
23 verbose headers   'cf-ray': '8838fd79bb632314-SJC',
23 verbose headers   'cf-cache-status': 'HIT',
23 verbose headers   'access-control-allow-origin': '*',
23 verbose headers   age: '198',
23 verbose headers   'cache-control': 'public, max-age=300',
23 verbose headers   etag: '"8ceeeb84bd5f4ae22119ad133d25d670"',
23 verbose headers   'last-modified': 'Tue, 07 May 2024 06:50:20 GMT',
23 verbose headers   vary: 'Accept-Encoding',
23 verbose headers   server: 'cloudflare' }
24 silly get cb [ 304,
24 silly get   { date: 'Tue, 14 May 2024 06:56:45 GMT',
24 silly get     connection: 'keep-alive',
24 silly get     'cf-ray': '8838fd79bb632314-SJC',
24 silly get     'cf-cache-status': 'HIT',
24 silly get     'access-control-allow-origin': '*',
24 silly get     age: '198',
24 silly get     'cache-control': 'public, max-age=300',
24 silly get     etag: '"8ceeeb84bd5f4ae22119ad133d25d670"',
24 silly get     'last-modified': 'Tue, 07 May 2024 06:50:20 GMT',
24 silly get     vary: 'Accept-Encoding',
24 silly get     server: 'cloudflare' } ]
25 verbose etag https://registry.npmjs.org/@mermaid-js%2fmermaid-cli from cache
26 verbose get saving @mermaid-js/mermaid-cli to /home/chencaoyu/.npm/registry.npmjs.org/_40mermaid-js_252fmermaid-cli/.cache.json
27 silly install normalizeTree
28 silly loadCurrentTree Finishing
29 silly loadIdealTree Starting
30 silly install loadIdealTree
31 silly cloneCurrentTree Starting
32 silly install cloneCurrentTreeToIdealTree
33 silly cloneCurrentTree Finishing
34 silly loadShrinkwrap Starting
35 silly install loadShrinkwrap
36 silly loadShrinkwrap Finishing
37 silly loadAllDepsIntoIdealTree Starting
38 silly install loadAllDepsIntoIdealTree
39 verbose stack Error: Missing required argument #1
39 verbose stack     at andLogAndFinish (/usr/share/npm/lib/fetch-package-metadata.js:31:3)
39 verbose stack     at fetchPackageMetadata (/usr/share/npm/lib/fetch-package-metadata.js:51:22)
39 verbose stack     at resolveWithNewModule (/usr/share/npm/lib/install/deps.js:456:12)
39 verbose stack     at /usr/share/npm/lib/install/deps.js:190:5
39 verbose stack     at /usr/share/npm/node_modules/slide/lib/async-map.js:52:35
39 verbose stack     at Array.forEach (<anonymous>)
39 verbose stack     at /usr/share/npm/node_modules/slide/lib/async-map.js:52:11
39 verbose stack     at Array.forEach (<anonymous>)
39 verbose stack     at asyncMap (/usr/share/npm/node_modules/slide/lib/async-map.js:51:8)
39 verbose stack     at exports.loadRequestedDeps (/usr/share/npm/lib/install/deps.js:188:3)
40 verbose cwd /home/chencaoyu/Desktop/sfwlab1
41 error Linux 5.4.0-150-generic
42 error argv "/usr/bin/node" "/usr/bin/npm" "install" "-g" "@mermaid-js/mermaid-cli"
43 error node v8.10.0
44 error npm  v3.5.2
45 error code EMISSINGARG
46 error typeerror Error: Missing required argument #1
46 error typeerror     at andLogAndFinish (/usr/share/npm/lib/fetch-package-metadata.js:31:3)
46 error typeerror     at fetchPackageMetadata (/usr/share/npm/lib/fetch-package-metadata.js:51:22)
46 error typeerror     at resolveWithNewModule (/usr/share/npm/lib/install/deps.js:456:12)
46 error typeerror     at /usr/share/npm/lib/install/deps.js:190:5
46 error typeerror     at /usr/share/npm/node_modules/slide/lib/async-map.js:52:35
46 error typeerror     at Array.forEach (<anonymous>)
46 error typeerror     at /usr/share/npm/node_modules/slide/lib/async-map.js:52:11
46 error typeerror     at Array.forEach (<anonymous>)
46 error typeerror     at asyncMap (/usr/share/npm/node_modules/slide/lib/async-map.js:51:8)
46 error typeerror     at exports.loadRequestedDeps (/usr/share/npm/lib/install/deps.js:188:3)
47 error typeerror This is an error with npm itself. Please report this error at:
47 error typeerror     <http://github.com/npm/npm/issues>
48 verbose exit [ 1, true ]
